<?xml version="1.0" encoding="UTF-8"?>
<testng-results skipped="0" failed="1" total="1" passed="0">
  <reporter-output>
  </reporter-output>
  <suite name="Default suite" duration-ms="4451" started-at="2019-07-10T12:34:30Z" finished-at="2019-07-10T12:34:34Z">
    <groups>
    </groups>
    <test name="Default test" duration-ms="4451" started-at="2019-07-10T12:34:30Z" finished-at="2019-07-10T12:34:34Z">
      <class name="msn.PathSolutions.test.BackToMSNPage">
        <test-method status="PASS" signature="intialization()[pri:0, instance:msn.PathSolutions.test.BackToMSNPage@26653222]" name="intialization" is-config="true" duration-ms="9937" started-at="2019-07-10T14:34:20Z" finished-at="2019-07-10T14:34:30Z">
          <reporter-output>
          </reporter-output>
        </test-method> <!-- intialization -->
        <test-method status="PASS" signature="setup()[pri:0, instance:msn.PathSolutions.test.BackToMSNPage@26653222]" name="setup" is-config="true" duration-ms="8" started-at="2019-07-10T14:34:30Z" finished-at="2019-07-10T14:34:30Z">
          <reporter-output>
          </reporter-output>
        </test-method> <!-- setup -->
        <test-method status="FAIL" signature="BackToMsnPage()[pri:0, instance:msn.PathSolutions.test.BackToMSNPage@26653222]" name="BackToMsnPage" duration-ms="3678" started-at="2019-07-10T14:34:30Z" finished-at="2019-07-10T14:34:34Z">
          <exception class="org.openqa.selenium.support.ui.UnexpectedTagNameException">
            <message>
              <![CDATA[Element should have been "select" but was "a"
Build info: version: '3.141.59', revision: 'e82be7d358', time: '2018-11-14T08:17:03'
System info: host: 'HADEERALAA', ip: '192.168.100.125', os.name: 'Windows 10', os.arch: 'amd64', os.version: '10.0', java.version: '1.8.0_191'
Driver info: driver.version: unknown]]>
            </message>
            <full-stacktrace>
              <![CDATA[org.openqa.selenium.support.ui.UnexpectedTagNameException: Element should have been "select" but was "a"
Build info: version: '3.141.59', revision: 'e82be7d358', time: '2018-11-14T08:17:03'
System info: host: 'HADEERALAA', ip: '192.168.100.125', os.name: 'Windows 10', os.arch: 'amd64', os.version: '10.0', java.version: '1.8.0_191'
Driver info: driver.version: unknown
	at org.openqa.selenium.support.ui.Select.<init>(Select.java:48)
	at msn.pathsolutions.pages.MsnSearchPage.BacktoHomePage(MsnSearchPage.java:80)
	at msn.PathSolutions.test.BackToMSNPage.BackToMsnPage(BackToMSNPage.java:52)
	at sun.reflect.NativeMethodAccessorImpl.invoke0(Native Method)
	at sun.reflect.NativeMethodAccessorImpl.invoke(Unknown Source)
	at sun.reflect.DelegatingMethodAccessorImpl.invoke(Unknown Source)
	at java.lang.reflect.Method.invoke(Unknown Source)
	at org.testng.internal.MethodInvocationHelper.invokeMethod(MethodInvocationHelper.java:100)
	at org.testng.internal.Invoker.invokeMethod(Invoker.java:646)
	at org.testng.internal.Invoker.invokeTestMethod(Invoker.java:811)
	at org.testng.internal.Invoker.invokeTestMethods(Invoker.java:1137)
	at org.testng.internal.TestMethodWorker.invokeTestMethods(TestMethodWorker.java:129)
	at org.testng.internal.TestMethodWorker.run(TestMethodWorker.java:112)
	at org.testng.TestRunner.privateRun(TestRunner.java:753)
	at org.testng.TestRunner.run(TestRunner.java:607)
	at org.testng.SuiteRunner.runTest(SuiteRunner.java:368)
	at org.testng.SuiteRunner.runSequentially(SuiteRunner.java:363)
	at org.testng.SuiteRunner.privateRun(SuiteRunner.java:321)
	at org.testng.SuiteRunner.run(SuiteRunner.java:270)
	at org.testng.SuiteRunnerWorker.runSuite(SuiteRunnerWorker.java:52)
	at org.testng.SuiteRunnerWorker.run(SuiteRunnerWorker.java:86)
	at org.testng.TestNG.runSuitesSequentially(TestNG.java:1284)
	at org.testng.TestNG.runSuitesLocally(TestNG.java:1209)
	at org.testng.TestNG.runSuites(TestNG.java:1124)
	at org.testng.TestNG.run(TestNG.java:1096)
	at org.testng.remote.AbstractRemoteTestNG.run(AbstractRemoteTestNG.java:132)
	at org.testng.remote.RemoteTestNG.initAndRun(RemoteTestNG.java:236)
	at org.testng.remote.RemoteTestNG.main(RemoteTestNG.java:81)
]]>
            </full-stacktrace>
          </exception> <!-- org.openqa.selenium.support.ui.UnexpectedTagNameException -->
          <reporter-output>
          </reporter-output>
        </test-method> <!-- BackToMsnPage -->
        <test-method status="PASS" signature="tearDown()[pri:0, instance:msn.PathSolutions.test.BackToMSNPage@26653222]" name="tearDown" is-config="true" duration-ms="741" started-at="2019-07-10T14:34:34Z" finished-at="2019-07-10T14:34:34Z">
          <reporter-output>
          </reporter-output>
        </test-method> <!-- tearDown -->
      </class> <!-- msn.PathSolutions.test.BackToMSNPage -->
    </test> <!-- Default test -->
  </suite> <!-- Default suite -->
</testng-results>
